# JRE version: OpenJDK Runtime Environment Temurin-11.0.14.1+1 (11.0.14.1+1) (build 11.0.14.1+1)
# Java VM: OpenJDK 64-Bit Server VM Temurin-11.0.14.1+1 (11.0.14.1+1, mixed mode, tiered, compressed oops, g1 gc, bsd-amd64)
Heap:
 garbage-first heap   total 131072K, used 15668K [0x0000000780000000, 0x0000000800000000)
  region size 1024K, 7 young (7168K), 2 survivors (2048K)
 Metaspace       used 24823K, capacity 25763K, committed 25856K, reserved 1071104K
  class space    used 3122K, capacity 3536K, committed 3584K, reserved 1048576K
GC Heap History (6 events):
Event: 1.355 GC heap before
{Heap before GC invocations=0 (full 0):
 garbage-first heap   total 131072K, used 14336K [0x0000000780000000, 0x0000000800000000)
  region size 1024K, 14 young (14336K), 0 survivors (0K)
 Metaspace       used 10275K, capacity 10577K, committed 10752K, reserved 1058816K
  class space    used 1032K, capacity 1170K, committed 1280K, reserved 1048576K
}
Event: 1.359 GC heap after
{Heap after GC invocations=1 (full 0):
 garbage-first heap   total 131072K, used 2703K [0x0000000780000000, 0x0000000800000000)
  region size 1024K, 2 young (2048K), 2 survivors (2048K)
 Metaspace       used 10275K, capacity 10577K, committed 10752K, reserved 1058816K
  class space    used 1032K, capacity 1170K, committed 1280K, reserved 1048576K
}
Event: 3.993 GC heap before
{Heap before GC invocations=1 (full 0):
 garbage-first heap   total 131072K, used 29327K [0x0000000780000000, 0x0000000800000000)
  region size 1024K, 29 young (29696K), 2 survivors (2048K)
 Metaspace       used 20388K, capacity 21130K, committed 21248K, reserved 1067008K
  class space    used 2469K, capacity 2771K, committed 2816K, reserved 1048576K
}
Event: 4.015 GC heap after
{Heap after GC invocations=2 (full 0):
 garbage-first heap   total 131072K, used 6949K [0x0000000780000000, 0x0000000800000000)
  region size 1024K, 7 young (7168K), 7 survivors (7168K)
 Metaspace       used 20388K, capacity 21130K, committed 21248K, reserved 1067008K
  class space    used 2469K, capacity 2771K, committed 2816K, reserved 1048576K
}
Event: 4.876 GC heap before
{Heap before GC invocations=3 (full 0):
 garbage-first heap   total 131072K, used 22309K [0x0000000780000000, 0x0000000800000000)
  region size 1024K, 19 young (19456K), 7 survivors (7168K)
 Metaspace       used 23759K, capacity 24711K, committed 24960K, reserved 1071104K
  class space    used 3054K, capacity 3443K, committed 3456K, reserved 1048576K
}
Event: 4.887 GC heap after
{Heap after GC invocations=4 (full 0):
 garbage-first heap   total 131072K, used 11572K [0x0000000780000000, 0x0000000800000000)
  region size 1024K, 2 young (2048K), 2 survivors (2048K)
 Metaspace       used 23759K, capacity 24711K, committed 24960K, reserved 1071104K
  class space    used 3054K, capacity 3443K, committed 3456K, reserved 1048576K
}

